Determining if the pthread_create exist failed with the following output:
Change Dir: /home/martin/CLionProjects/RayTracer/cmake-build-debug/CMakeFiles/CMakeTmp

Run Build Command(s):/usr/bin/make cmTC_68a52/fast 
/usr/bin/make -f CMakeFiles/cmTC_68a52.dir/build.make CMakeFiles/cmTC_68a52.dir/build
make[1]: Entering directory '/home/martin/CLionProjects/RayTracer/cmake-build-debug/CMakeFiles/CMakeTmp'
Building C object CMakeFiles/cmTC_68a52.dir/CheckSymbolExists.c.o
/usr/bin/cc    -o CMakeFiles/cmTC_68a52.dir/CheckSymbolExists.c.o   -c /home/martin/CLionProjects/RayTracer/cmake-build-debug/CMakeFiles/CMakeTmp/CheckSymbolExists.c
Linking C executable cmTC_68a52
/home/martin/.local/share/umake/ide/clion/bin/cmake/linux/bin/cmake -E cmake_link_script CMakeFiles/cmTC_68a52.dir/link.txt --verbose=1
/usr/bin/cc      -rdynamic CMakeFiles/cmTC_68a52.dir/CheckSymbolExists.c.o  -o cmTC_68a52 
CMakeFiles/cmTC_68a52.dir/CheckSymbolExists.c.o: In function `main':
CheckSymbolExists.c:(.text+0x1b): undefined reference to `pthread_create'
collect2: error: ld returned 1 exit status
CMakeFiles/cmTC_68a52.dir/build.make:86: recipe for target 'cmTC_68a52' failed
make[1]: *** [cmTC_68a52] Error 1
make[1]: Leaving directory '/home/martin/CLionProjects/RayTracer/cmake-build-debug/CMakeFiles/CMakeTmp'
Makefile:121: recipe for target 'cmTC_68a52/fast' failed
make: *** [cmTC_68a52/fast] Error 2

File /home/martin/CLionProjects/RayTracer/cmake-build-debug/CMakeFiles/CMakeTmp/CheckSymbolExists.c:
/* */
#include <pthread.h>

int main(int argc, char** argv)
{
  (void)argv;
#ifndef pthread_create
  return ((int*)(&pthread_create))[argc];
#else
  (void)argc;
  return 0;
#endif
}

Determining if the function pthread_create exists in the pthreads failed with the following output:
Change Dir: /home/martin/CLionProjects/RayTracer/cmake-build-debug/CMakeFiles/CMakeTmp

Run Build Command(s):/usr/bin/make cmTC_28b27/fast 
/usr/bin/make -f CMakeFiles/cmTC_28b27.dir/build.make CMakeFiles/cmTC_28b27.dir/build
make[1]: Entering directory '/home/martin/CLionProjects/RayTracer/cmake-build-debug/CMakeFiles/CMakeTmp'
Building C object CMakeFiles/cmTC_28b27.dir/CheckFunctionExists.c.o
/usr/bin/cc   -DCHECK_FUNCTION_EXISTS=pthread_create   -o CMakeFiles/cmTC_28b27.dir/CheckFunctionExists.c.o   -c /home/martin/.local/share/umake/ide/clion/bin/cmake/linux/share/cmake-3.14/Modules/CheckFunctionExists.c
Linking C executable cmTC_28b27
/home/martin/.local/share/umake/ide/clion/bin/cmake/linux/bin/cmake -E cmake_link_script CMakeFiles/cmTC_28b27.dir/link.txt --verbose=1
/usr/bin/cc  -DCHECK_FUNCTION_EXISTS=pthread_create    -rdynamic CMakeFiles/cmTC_28b27.dir/CheckFunctionExists.c.o  -o cmTC_28b27 -lpthreads 
/usr/bin/ld: cannot find -lpthreads
collect2: error: ld returned 1 exit status
CMakeFiles/cmTC_28b27.dir/build.make:86: recipe for target 'cmTC_28b27' failed
make[1]: *** [cmTC_28b27] Error 1
make[1]: Leaving directory '/home/martin/CLionProjects/RayTracer/cmake-build-debug/CMakeFiles/CMakeTmp'
Makefile:121: recipe for target 'cmTC_28b27/fast' failed
make: *** [cmTC_28b27/fast] Error 2


